2019-11-13 11:36:05,236 [Worker-4: Loading available Gradle versions] INFO  c.g.t.t.d.PublishedGradleVersions - Gradle version information cache is out-of-date. Trying to update.
2019-11-13 11:37:30,132 [Worker-0: Updating Maven Dependencies] INFO  o.e.m.c.i.l.LifecycleMappingFactory - Using org.eclipse.m2e.jdt.JarLifecycleMapping lifecycle mapping for MavenProject: com.example:APIGateway:0.0.1-SNAPSHOT @ C:\Users\hello\Desktop\git_repo\P3 DevService\Interview-Tracker-Dev-Service\APIGateway\pom.xml.
2019-11-13 11:37:30,380 [Worker-9: Building workspace] INFO  o.e.m.c.i.l.LifecycleMappingFactory - Using org.eclipse.m2e.jdt.JarLifecycleMapping lifecycle mapping for MavenProject: com.example:APIGateway:0.0.1-SNAPSHOT @ C:\Users\hello\Desktop\git_repo\P3 DevService\Interview-Tracker-Dev-Service\APIGateway\pom.xml.
2019-11-13 11:37:42,962 [Worker-9: Building workspace] INFO  o.e.m.c.i.embedder.EclipseLogger - Using 'UTF-8' encoding to copy filtered resources.
2019-11-13 11:37:42,967 [Worker-9: Building workspace] INFO  o.e.m.c.i.embedder.EclipseLogger - Copying 1 resource
2019-11-13 11:37:42,999 [Worker-9: Building workspace] INFO  o.e.m.c.i.embedder.EclipseLogger - Copying 1 resource
2019-11-13 11:37:43,019 [Worker-9: Building workspace] INFO  o.e.m.c.i.embedder.EclipseLogger - Using 'UTF-8' encoding to copy filtered resources.
2019-11-13 11:37:43,020 [Worker-9: Building workspace] INFO  o.e.m.c.i.embedder.EclipseLogger - skip non existing resourceDirectory C:\Users\hello\Desktop\git_repo\P3 DevService\Interview-Tracker-Dev-Service\APIGateway\src\test\resources
2019-11-13 11:37:48,565 [Worker-13: Updating Maven Dependencies] INFO  o.e.m.c.i.l.LifecycleMappingFactory - Using org.eclipse.m2e.jdt.JarLifecycleMapping lifecycle mapping for MavenProject: com.example:APIGateway:0.0.1-SNAPSHOT @ C:\Users\hello\Desktop\git_repo\P3 DevService\Interview-Tracker-Dev-Service\APIGateway\pom.xml.
2019-11-13 11:37:49,866 [Worker-13: Updating Maven Dependencies] INFO  o.e.m.c.i.l.LifecycleMappingFactory - Using org.eclipse.m2e.jdt.JarLifecycleMapping lifecycle mapping for MavenProject: com.example:ServiceRegistery:0.0.1-SNAPSHOT @ C:\Users\hello\Desktop\git_repo\P3 DevService\Interview-Tracker-Dev-Service\ServiceRegistery\pom.xml.
2019-11-13 11:38:06,472 [Worker-7: Building workspace] INFO  o.e.m.c.i.embedder.EclipseLogger - Using 'UTF-8' encoding to copy filtered resources.
2019-11-13 11:38:06,482 [Worker-7: Building workspace] INFO  o.e.m.c.i.embedder.EclipseLogger - Copying 1 resource
2019-11-13 11:38:06,501 [Worker-7: Building workspace] INFO  o.e.m.c.i.embedder.EclipseLogger - Copying 1 resource
2019-11-13 11:38:06,516 [Worker-7: Building workspace] INFO  o.e.m.c.i.embedder.EclipseLogger - Using 'UTF-8' encoding to copy filtered resources.
2019-11-13 11:38:06,516 [Worker-7: Building workspace] INFO  o.e.m.c.i.embedder.EclipseLogger - skip non existing resourceDirectory C:\Users\hello\Desktop\git_repo\P3 DevService\Interview-Tracker-Dev-Service\APIGateway\src\test\resources
2019-11-13 11:38:08,733 [Worker-15: Building workspace] INFO  o.e.m.c.i.embedder.EclipseLogger - Using 'UTF-8' encoding to copy filtered resources.
2019-11-13 11:38:08,740 [Worker-15: Building workspace] INFO  o.e.m.c.i.embedder.EclipseLogger - Copying 1 resource
2019-11-13 11:38:08,750 [Worker-15: Building workspace] INFO  o.e.m.c.i.embedder.EclipseLogger - Copying 0 resource
2019-11-13 11:38:08,752 [Worker-15: Building workspace] INFO  o.e.m.c.i.embedder.EclipseLogger - Using 'UTF-8' encoding to copy filtered resources.
2019-11-13 11:38:08,752 [Worker-15: Building workspace] INFO  o.e.m.c.i.embedder.EclipseLogger - skip non existing resourceDirectory C:\Users\hello\Desktop\git_repo\P3 DevService\Interview-Tracker-Dev-Service\ServiceRegistery\src\test\resources
2019-11-13 11:38:27,823 [Worker-14: Building workspace] INFO  o.e.m.c.i.l.LifecycleMappingFactory - Using org.eclipse.m2e.jdt.JarLifecycleMapping lifecycle mapping for MavenProject: com.example:UserService:0.0.1-SNAPSHOT @ C:\Users\hello\Desktop\git_repo\P3 DevService\Interview-Tracker-Dev-Service\UserService\pom.xml.
2019-11-13 11:38:31,197 [Worker-14: Building workspace] INFO  o.e.m.c.i.embedder.EclipseLogger - Using 'UTF-8' encoding to copy filtered resources.
2019-11-13 11:38:31,198 [Worker-14: Building workspace] INFO  o.e.m.c.i.embedder.EclipseLogger - Copying 1 resource
2019-11-13 11:38:31,208 [Worker-14: Building workspace] INFO  o.e.m.c.i.embedder.EclipseLogger - Copying 0 resource
2019-11-13 11:38:31,219 [Worker-14: Building workspace] INFO  o.e.m.c.i.embedder.EclipseLogger - Using 'UTF-8' encoding to copy filtered resources.
2019-11-13 11:38:31,219 [Worker-14: Building workspace] INFO  o.e.m.c.i.embedder.EclipseLogger - skip non existing resourceDirectory C:\Users\hello\Desktop\git_repo\P3 DevService\Interview-Tracker-Dev-Service\UserService\src\test\resources
2019-11-13 11:38:32,006 [Worker-8: Updating Maven Dependencies] INFO  o.e.m.c.i.l.LifecycleMappingFactory - Using org.eclipse.m2e.jdt.JarLifecycleMapping lifecycle mapping for MavenProject: com.example:UserService:0.0.1-SNAPSHOT @ C:\Users\hello\Desktop\git_repo\P3 DevService\Interview-Tracker-Dev-Service\UserService\pom.xml.
2019-11-13 11:38:33,430 [Worker-4: Building workspace] INFO  o.e.m.c.i.embedder.EclipseLogger - Using 'UTF-8' encoding to copy filtered resources.
2019-11-13 11:38:33,439 [Worker-4: Building workspace] INFO  o.e.m.c.i.embedder.EclipseLogger - Copying 1 resource
2019-11-13 11:38:33,450 [Worker-4: Building workspace] INFO  o.e.m.c.i.embedder.EclipseLogger - Copying 0 resource
2019-11-13 11:38:33,458 [Worker-4: Building workspace] INFO  o.e.m.c.i.embedder.EclipseLogger - Using 'UTF-8' encoding to copy filtered resources.
2019-11-13 11:38:33,458 [Worker-4: Building workspace] INFO  o.e.m.c.i.embedder.EclipseLogger - skip non existing resourceDirectory C:\Users\hello\Desktop\git_repo\P3 DevService\Interview-Tracker-Dev-Service\UserService\src\test\resources
2019-11-13 11:38:34,602 [Worker-14: Building workspace] INFO  o.e.m.c.i.embedder.EclipseLogger - Using 'UTF-8' encoding to copy filtered resources.
2019-11-13 11:38:34,603 [Worker-14: Building workspace] INFO  o.e.m.c.i.embedder.EclipseLogger - Copying 1 resource
2019-11-13 11:38:34,606 [Worker-14: Building workspace] INFO  o.e.m.c.i.embedder.EclipseLogger - Copying 0 resource
2019-11-13 11:38:34,609 [Worker-14: Building workspace] INFO  o.e.m.c.i.embedder.EclipseLogger - Using 'UTF-8' encoding to copy filtered resources.
2019-11-13 11:38:34,609 [Worker-14: Building workspace] INFO  o.e.m.c.i.embedder.EclipseLogger - skip non existing resourceDirectory C:\Users\hello\Desktop\git_repo\P3 DevService\Interview-Tracker-Dev-Service\UserService\src\test\resources
2019-11-13 15:56:09,564 [Worker-80: Building workspace] INFO  o.e.m.c.i.embedder.EclipseLogger - Using 'UTF-8' encoding to copy filtered resources.
2019-11-13 15:56:09,565 [Worker-80: Building workspace] INFO  o.e.m.c.i.embedder.EclipseLogger - Copying 1 resource
2019-11-13 15:56:09,577 [Worker-80: Building workspace] INFO  o.e.m.c.i.embedder.EclipseLogger - Copying 0 resource
2019-11-13 15:56:09,588 [Worker-80: Building workspace] INFO  o.e.m.c.i.embedder.EclipseLogger - Using 'UTF-8' encoding to copy filtered resources.
2019-11-13 15:56:09,588 [Worker-80: Building workspace] INFO  o.e.m.c.i.embedder.EclipseLogger - skip non existing resourceDirectory C:\Users\hello\Desktop\git_repo\P3 DevService\Interview-Tracker-Dev-Service\UserService\src\test\resources
2019-11-13 15:56:38,178 [Worker-80: Building workspace] INFO  o.e.m.c.i.embedder.EclipseLogger - Using 'UTF-8' encoding to copy filtered resources.
2019-11-13 15:56:38,180 [Worker-80: Building workspace] INFO  o.e.m.c.i.embedder.EclipseLogger - Copying 1 resource
2019-11-13 15:56:38,210 [Worker-80: Building workspace] INFO  o.e.m.c.i.embedder.EclipseLogger - Copying 0 resource
2019-11-13 15:56:38,240 [Worker-80: Building workspace] INFO  o.e.m.c.i.embedder.EclipseLogger - Using 'UTF-8' encoding to copy filtered resources.
2019-11-13 15:56:38,256 [Worker-80: Building workspace] INFO  o.e.m.c.i.embedder.EclipseLogger - skip non existing resourceDirectory C:\Users\hello\Desktop\git_repo\P3 DevService\Interview-Tracker-Dev-Service\UserService\src\test\resources
2019-11-13 15:56:54,099 [Worker-89: Building workspace] INFO  o.e.m.c.i.embedder.EclipseLogger - Using 'UTF-8' encoding to copy filtered resources.
2019-11-13 15:56:54,106 [Worker-89: Building workspace] INFO  o.e.m.c.i.embedder.EclipseLogger - Copying 1 resource
2019-11-13 15:56:54,115 [Worker-89: Building workspace] INFO  o.e.m.c.i.embedder.EclipseLogger - Copying 0 resource
2019-11-13 15:56:54,115 [Worker-89: Building workspace] INFO  o.e.m.c.i.embedder.EclipseLogger - Using 'UTF-8' encoding to copy filtered resources.
2019-11-13 15:56:54,115 [Worker-89: Building workspace] INFO  o.e.m.c.i.embedder.EclipseLogger - skip non existing resourceDirectory C:\Users\hello\Desktop\git_repo\P3 DevService\Interview-Tracker-Dev-Service\UserService\src\test\resources
2019-11-13 16:24:21,619 [Worker-94: Building workspace] INFO  o.e.m.c.i.embedder.EclipseLogger - Using 'UTF-8' encoding to copy filtered resources.
2019-11-13 16:24:21,624 [Worker-94: Building workspace] INFO  o.e.m.c.i.embedder.EclipseLogger - Copying 1 resource
2019-11-13 16:24:21,633 [Worker-94: Building workspace] INFO  o.e.m.c.i.embedder.EclipseLogger - Copying 0 resource
2019-11-13 16:24:21,638 [Worker-94: Building workspace] INFO  o.e.m.c.i.embedder.EclipseLogger - Using 'UTF-8' encoding to copy filtered resources.
2019-11-13 16:24:21,654 [Worker-94: Building workspace] INFO  o.e.m.c.i.embedder.EclipseLogger - skip non existing resourceDirectory C:\Users\hello\Desktop\git_repo\P3 DevService\Interview-Tracker-Dev-Service\UserService\src\test\resources
2019-11-13 16:25:22,266 [Worker-86: Building workspace] INFO  o.e.m.c.i.embedder.EclipseLogger - Using 'UTF-8' encoding to copy filtered resources.
2019-11-13 16:25:22,276 [Worker-86: Building workspace] INFO  o.e.m.c.i.embedder.EclipseLogger - Copying 1 resource
2019-11-13 16:25:22,294 [Worker-86: Building workspace] INFO  o.e.m.c.i.embedder.EclipseLogger - Copying 0 resource
2019-11-13 16:25:22,322 [Worker-86: Building workspace] INFO  o.e.m.c.i.embedder.EclipseLogger - Using 'UTF-8' encoding to copy filtered resources.
2019-11-13 16:25:22,322 [Worker-86: Building workspace] INFO  o.e.m.c.i.embedder.EclipseLogger - skip non existing resourceDirectory C:\Users\hello\Desktop\git_repo\P3 DevService\Interview-Tracker-Dev-Service\UserService\src\test\resources
2019-11-13 16:27:29,889 [Worker-98: Building workspace] INFO  o.e.m.c.i.embedder.EclipseLogger - Using 'UTF-8' encoding to copy filtered resources.
2019-11-13 16:27:29,889 [Worker-98: Building workspace] INFO  o.e.m.c.i.embedder.EclipseLogger - Copying 1 resource
2019-11-13 16:27:29,910 [Worker-98: Building workspace] INFO  o.e.m.c.i.embedder.EclipseLogger - Copying 0 resource
2019-11-13 16:27:29,931 [Worker-98: Building workspace] INFO  o.e.m.c.i.embedder.EclipseLogger - Using 'UTF-8' encoding to copy filtered resources.
2019-11-13 16:27:29,945 [Worker-98: Building workspace] INFO  o.e.m.c.i.embedder.EclipseLogger - skip non existing resourceDirectory C:\Users\hello\Desktop\git_repo\P3 DevService\Interview-Tracker-Dev-Service\UserService\src\test\resources
2019-11-13 19:28:45,972 [Worker-134: Building workspace] INFO  o.e.m.c.i.embedder.EclipseLogger - Using 'UTF-8' encoding to copy filtered resources.
2019-11-13 19:28:45,972 [Worker-134: Building workspace] INFO  o.e.m.c.i.embedder.EclipseLogger - Copying 1 resource
2019-11-13 19:28:45,988 [Worker-134: Building workspace] INFO  o.e.m.c.i.embedder.EclipseLogger - Copying 0 resource
2019-11-13 19:28:45,988 [Worker-134: Building workspace] INFO  o.e.m.c.i.embedder.EclipseLogger - Using 'UTF-8' encoding to copy filtered resources.
2019-11-13 19:28:45,988 [Worker-134: Building workspace] INFO  o.e.m.c.i.embedder.EclipseLogger - skip non existing resourceDirectory C:\Users\hello\Desktop\git_repo\P3 DevService\Interview-Tracker-Dev-Service\UserService\src\test\resources
2019-11-13 19:29:47,453 [Worker-134: Building workspace] INFO  o.e.m.c.i.embedder.EclipseLogger - Using 'UTF-8' encoding to copy filtered resources.
2019-11-13 19:29:47,453 [Worker-134: Building workspace] INFO  o.e.m.c.i.embedder.EclipseLogger - Copying 1 resource
2019-11-13 19:29:47,453 [Worker-134: Building workspace] INFO  o.e.m.c.i.embedder.EclipseLogger - Copying 0 resource
2019-11-13 19:29:47,453 [Worker-134: Building workspace] INFO  o.e.m.c.i.embedder.EclipseLogger - Using 'UTF-8' encoding to copy filtered resources.
2019-11-13 19:29:47,453 [Worker-134: Building workspace] INFO  o.e.m.c.i.embedder.EclipseLogger - skip non existing resourceDirectory C:\Users\hello\Desktop\git_repo\P3 DevService\Interview-Tracker-Dev-Service\UserService\src\test\resources
2019-11-14 09:14:47,801 [Worker-189: Building workspace] INFO  o.e.m.c.i.l.LifecycleMappingFactory - Using org.eclipse.m2e.jdt.JarLifecycleMapping lifecycle mapping for MavenProject: com.example:APIGateway:0.0.1-SNAPSHOT @ C:\Users\hello\Desktop\git_repo\P3 DevService\Interview-Tracker-Dev-Service\APIGateway\pom.xml.
2019-11-14 09:14:59,360 [Worker-189: Building workspace] INFO  o.e.m.c.i.embedder.EclipseLogger - Using 'UTF-8' encoding to copy filtered resources.
2019-11-14 09:14:59,360 [Worker-189: Building workspace] INFO  o.e.m.c.i.embedder.EclipseLogger - Copying 0 resource
2019-11-14 09:14:59,377 [Worker-189: Building workspace] INFO  o.e.m.c.i.embedder.EclipseLogger - Copying 1 resource
2019-11-14 09:14:59,380 [Worker-189: Building workspace] INFO  o.e.m.c.i.embedder.EclipseLogger - Using 'UTF-8' encoding to copy filtered resources.
2019-11-14 09:14:59,397 [Worker-189: Building workspace] INFO  o.e.m.c.i.embedder.EclipseLogger - skip non existing resourceDirectory C:\Users\hello\Desktop\git_repo\P3 DevService\Interview-Tracker-Dev-Service\APIGateway\src\test\resources
2019-11-14 09:15:00,694 [Worker-189: Building workspace] INFO  o.e.m.c.i.l.LifecycleMappingFactory - Using org.eclipse.m2e.jdt.JarLifecycleMapping lifecycle mapping for MavenProject: com.example:ServiceRegistery:0.0.1-SNAPSHOT @ C:\Users\hello\Desktop\git_repo\P3 DevService\Interview-Tracker-Dev-Service\ServiceRegistery\pom.xml.
2019-11-14 09:15:02,843 [Worker-189: Building workspace] INFO  o.e.m.c.i.embedder.EclipseLogger - Using 'UTF-8' encoding to copy filtered resources.
2019-11-14 09:15:02,862 [Worker-189: Building workspace] INFO  o.e.m.c.i.embedder.EclipseLogger - Copying 1 resource
2019-11-14 09:15:02,876 [Worker-189: Building workspace] INFO  o.e.m.c.i.embedder.EclipseLogger - Copying 0 resource
2019-11-14 09:15:02,876 [Worker-189: Building workspace] INFO  o.e.m.c.i.embedder.EclipseLogger - Using 'UTF-8' encoding to copy filtered resources.
2019-11-14 09:15:02,891 [Worker-189: Building workspace] INFO  o.e.m.c.i.embedder.EclipseLogger - skip non existing resourceDirectory C:\Users\hello\Desktop\git_repo\P3 DevService\Interview-Tracker-Dev-Service\ServiceRegistery\src\test\resources
2019-11-14 09:15:07,731 [Worker-189: Building workspace] INFO  o.e.m.c.i.embedder.EclipseLogger - Using 'UTF-8' encoding to copy filtered resources.
2019-11-14 09:15:07,732 [Worker-189: Building workspace] INFO  o.e.m.c.i.embedder.EclipseLogger - Copying 1 resource
2019-11-14 09:15:07,740 [Worker-189: Building workspace] INFO  o.e.m.c.i.embedder.EclipseLogger - Copying 1 resource
2019-11-14 09:15:07,755 [Worker-189: Building workspace] INFO  o.e.m.c.i.embedder.EclipseLogger - Using 'UTF-8' encoding to copy filtered resources.
2019-11-14 09:15:07,762 [Worker-189: Building workspace] INFO  o.e.m.c.i.embedder.EclipseLogger - skip non existing resourceDirectory C:\Users\hello\Desktop\git_repo\P3 DevService\Interview-Tracker-Dev-Service\APIGateway\src\test\resources
2019-11-14 09:15:10,438 [Worker-182: Building workspace] INFO  o.e.m.c.i.embedder.EclipseLogger - Using 'UTF-8' encoding to copy filtered resources.
2019-11-14 09:15:10,438 [Worker-182: Building workspace] INFO  o.e.m.c.i.embedder.EclipseLogger - Copying 1 resource
2019-11-14 09:15:10,451 [Worker-182: Building workspace] INFO  o.e.m.c.i.embedder.EclipseLogger - Copying 0 resource
